2026-01-06 17:00:51,089 - ERROR - Failed to load config: 'charmap' codec can't decode byte 0x8f in position 33: character maps to <undefined>
2026-01-06 17:00:51,122 - INFO - ======================================================================
2026-01-06 17:00:51,123 - INFO - ======================================================================
2026-01-06 17:00:51,124 - INFO - Target: 127.0.0.1:14560
2026-01-06 17:00:51,125 - INFO - ======================================================================
2026-01-06 17:01:30,503 - INFO - ======================================================================
2026-01-06 17:01:30,506 - INFO - ======================================================================
2026-01-06 17:01:30,507 - INFO - Flooding for 10s at 23 msgs/sec
2026-01-06 17:01:32,849 - INFO -   Flooding... 50 msgs sent (21.4 msgs/sec)
2026-01-06 17:01:35,180 - INFO -   Flooding... 100 msgs sent (21.4 msgs/sec)
2026-01-06 17:01:37,520 - INFO -   Flooding... 150 msgs sent (21.4 msgs/sec)
2026-01-06 17:01:39,889 - INFO -   Flooding... 200 msgs sent (21.3 msgs/sec)
2026-01-06 17:12:48,849 - INFO - ======================================================================
2026-01-06 17:12:48,851 - INFO - ======================================================================
2026-01-06 17:12:48,851 - INFO - Flooding for 5s at 100 msgs/sec
2026-01-06 17:12:49,628 - INFO -   Flooding... 50 msgs sent (64.3 msgs/sec)
2026-01-06 17:12:50,411 - INFO -   Flooding... 100 msgs sent (64.1 msgs/sec)
2026-01-06 17:12:51,188 - INFO -   Flooding... 150 msgs sent (64.2 msgs/sec)
2026-01-06 17:12:51,967 - INFO -   Flooding... 200 msgs sent (64.2 msgs/sec)
2026-01-06 17:12:52,748 - INFO -   Flooding... 250 msgs sent (64.2 msgs/sec)
2026-01-06 17:12:53,526 - INFO -   Flooding... 300 msgs sent (64.2 msgs/sec)
2026-01-06 17:13:18,496 - INFO - ======================================================================
2026-01-06 17:13:18,499 - INFO - ======================================================================
2026-01-06 17:13:18,499 - INFO - GPS Spoofing:      0
2026-01-06 17:13:18,499 - INFO - Waypoint Injection: 0
2026-01-06 17:13:18,499 - INFO - Command Injection:  0
2026-01-06 17:13:18,499 - INFO - DoS Flooding:       535
2026-01-06 17:13:18,499 - INFO - Total Attacks:      535
2026-01-06 17:13:18,500 - INFO - ======================================================================
2026-01-06 17:13:39,692 - ERROR - Failed to load config: 'charmap' codec can't decode byte 0x8f in position 33: character maps to <undefined>
2026-01-06 17:13:39,701 - INFO - ======================================================================
2026-01-06 17:13:39,702 - INFO - ======================================================================
2026-01-06 17:13:39,703 - INFO - Target: 127.0.0.1:14560
2026-01-06 17:13:39,704 - INFO - ======================================================================
2026-01-06 17:13:39,704 - INFO - Attack mode: combined
2026-01-06 17:13:41,707 - INFO - ======================================================================
2026-01-06 17:13:41,709 - INFO - ======================================================================
2026-01-06 17:13:41,709 - INFO - Launching multi-vector attack...
2026-01-06 17:13:41,709 - INFO - 
[1/4] Phase 1: GPS Spoofing
2026-01-06 17:13:41,709 - INFO - ======================================================================
2026-01-06 17:13:41,710 - INFO - ======================================================================
2026-01-06 17:13:41,711 - INFO - Fake GPS: Lat=37.7749, Lon=-122.4194, Alt=1000m
2026-01-06 17:13:43,718 - INFO - 
[2/4] Phase 2: Waypoint Injection
2026-01-06 17:13:43,718 - INFO - ======================================================================
2026-01-06 17:13:43,721 - INFO - ======================================================================
2026-01-06 17:13:43,721 - INFO - Injecting waypoint #99: Lat=40.7128, Lon=-74.006, Alt=500m
2026-01-06 17:13:45,722 - INFO - 
[3/4] Phase 3: Command Injection (RTL)
2026-01-06 17:13:45,723 - INFO - ======================================================================
2026-01-06 17:13:45,728 - INFO - ======================================================================
2026-01-06 17:13:45,728 - INFO - Forcing RTL (Return to Launch)...
2026-01-06 17:13:47,733 - INFO - 
[4/4] Phase 4: DoS Flooding
2026-01-06 17:13:47,735 - INFO - ======================================================================
2026-01-06 17:13:47,740 - INFO - ======================================================================
2026-01-06 17:13:47,741 - INFO - Flooding for 3s at 50 msgs/sec
2026-01-06 17:13:49,295 - INFO -   Flooding... 50 msgs sent (32.2 msgs/sec)
2026-01-06 17:13:51,761 - INFO - ======================================================================
2026-01-06 17:13:51,763 - INFO - ======================================================================
2026-01-06 17:13:51,763 - INFO - GPS Spoofing:      1
2026-01-06 17:13:51,763 - INFO - Waypoint Injection: 1
2026-01-06 17:13:51,764 - INFO - Command Injection:  1
2026-01-06 17:13:51,764 - INFO - DoS Flooding:       97
2026-01-06 17:13:51,764 - INFO - Total Attacks:      100
2026-01-06 17:13:51,764 - INFO - ======================================================================
2026-01-06 17:14:14,706 - ERROR - Failed to load config: 'charmap' codec can't decode byte 0x8f in position 33: character maps to <undefined>
2026-01-06 17:14:14,714 - INFO - ======================================================================
2026-01-06 17:14:14,715 - INFO - ======================================================================
2026-01-06 17:14:14,715 - INFO - Target: 127.0.0.1:14560
2026-01-06 17:14:14,717 - INFO - ======================================================================
2026-01-06 17:14:30,838 - ERROR - Attack error: MAVLinkAttacker.attack_gps_spoofing() got an unexpected keyword argument 'duration'
2026-01-06 17:15:43,673 - INFO - ======================================================================
2026-01-06 17:15:43,675 - INFO - ======================================================================
2026-01-06 17:15:43,676 - INFO - Flooding for 5s at 100 msgs/sec
2026-01-06 17:15:44,458 - INFO -   Flooding... 50 msgs sent (63.9 msgs/sec)
2026-01-06 17:15:45,236 - INFO -   Flooding... 100 msgs sent (64.1 msgs/sec)
2026-01-06 17:15:46,015 - INFO -   Flooding... 150 msgs sent (64.1 msgs/sec)
2026-01-06 17:15:46,793 - INFO -   Flooding... 200 msgs sent (64.2 msgs/sec)
2026-01-06 17:15:47,574 - INFO -   Flooding... 250 msgs sent (64.1 msgs/sec)
2026-01-06 17:15:48,350 - INFO -   Flooding... 300 msgs sent (64.2 msgs/sec)
2026-01-06 18:32:35,015 - INFO - ======================================================================
2026-01-06 18:32:35,017 - INFO - ======================================================================
2026-01-06 18:32:35,017 - INFO - GPS Spoofing:      0
2026-01-06 18:32:35,017 - INFO - Waypoint Injection: 0
2026-01-06 18:32:35,017 - INFO - Command Injection:  0
2026-01-06 18:32:35,017 - INFO - DoS Flooding:       321
2026-01-06 18:32:35,017 - INFO - Total Attacks:      321
2026-01-06 18:32:35,017 - INFO - ======================================================================
